<?xml version="1.0" encoding="UTF-8"?>
<coverage generated="1631444845243" clover="3.2.0">
  <project timestamp="1631444845244" name="All files">
    <metrics statements="15" coveredstatements="12" conditionals="3" coveredconditionals="2" methods="2" coveredmethods="2" elements="20" coveredelements="16" complexity="0" loc="15" ncloc="15" packages="2" files="2" classes="2"/>
    <package name="controllers">
      <metrics statements="12" coveredstatements="9" conditionals="3" coveredconditionals="2" methods="1" coveredmethods="1"/>
      <file name="signup.controller.ts" path="/home/thiagomf/courses/clean-ts-api/src/presentation/controllers/signup.controller.ts">
        <metrics statements="12" coveredstatements="9" conditionals="3" coveredconditionals="2" methods="1" coveredmethods="1"/>
        <line num="1" count="1" type="stmt"/>
        <line num="2" count="1" type="stmt"/>
        <line num="3" count="1" type="stmt"/>
        <line num="4" count="1" type="stmt"/>
        <line num="5" count="1" type="stmt"/>
        <line num="6" count="1" type="cond" truecount="1" falsecount="0"/>
        <line num="7" count="2" type="cond" truecount="1" falsecount="0"/>
        <line num="8" count="1" type="stmt"/>
        <line num="9" count="0" type="cond" truecount="0" falsecount="1"/>
        <line num="10" count="0" type="stmt"/>
        <line num="11" count="0" type="stmt"/>
        <line num="12" count="1" type="stmt"/>
      </file>
    </package>
    <package name="helpers">
      <metrics statements="3" coveredstatements="3" conditionals="0" coveredconditionals="0" methods="1" coveredmethods="1"/>
      <file name="http.helper.ts" path="/home/thiagomf/courses/clean-ts-api/src/presentation/helpers/http.helper.ts">
        <metrics statements="3" coveredstatements="3" conditionals="0" coveredconditionals="0" methods="1" coveredmethods="1"/>
        <line num="1" count="1" type="stmt"/>
        <line num="2" count="1" type="stmt"/>
        <line num="3" count="1" type="stmt"/>
      </file>
    </package>
  </project>
</coverage>
