{"/home/thiagomf/courses/clean-ts-api/src/presentation/controllers/signup.controller.ts": {"path":"/home/thiagomf/courses/clean-ts-api/src/presentation/controllers/signup.controller.ts","all":false,"statementMap":{"0":{"start":{"line":1,"column":0},"end":{"line":1,"column":64}},"1":{"start":{"line":2,"column":0},"end":{"line":2,"column":64}},"2":{"start":{"line":3,"column":0},"end":{"line":3,"column":84}},"3":{"start":{"line":4,"column":0},"end":{"line":4,"column":0}},"4":{"start":{"line":5,"column":0},"end":{"line":5,"column":53}},"5":{"start":{"line":6,"column":0},"end":{"line":6,"column":65}},"6":{"start":{"line":7,"column":0},"end":{"line":7,"column":0}},"7":{"start":{"line":8,"column":0},"end":{"line":8,"column":50}},"8":{"start":{"line":9,"column":0},"end":{"line":9,"column":9}},"9":{"start":{"line":10,"column":0},"end":{"line":10,"column":82}},"10":{"start":{"line":11,"column":0},"end":{"line":11,"column":0}},"11":{"start":{"line":12,"column":0},"end":{"line":12,"column":43}},"12":{"start":{"line":13,"column":0},"end":{"line":13,"column":85}},"13":{"start":{"line":14,"column":0},"end":{"line":14,"column":7}},"14":{"start":{"line":15,"column":0},"end":{"line":15,"column":0}},"15":{"start":{"line":16,"column":0},"end":{"line":16,"column":72}},"16":{"start":{"line":17,"column":0},"end":{"line":17,"column":0}},"17":{"start":{"line":18,"column":0},"end":{"line":18,"column":109}},"18":{"start":{"line":19,"column":0},"end":{"line":19,"column":0}},"19":{"start":{"line":20,"column":0},"end":{"line":20,"column":56}},"20":{"start":{"line":21,"column":0},"end":{"line":21,"column":0}},"21":{"start":{"line":22,"column":0},"end":{"line":22,"column":69}},"22":{"start":{"line":23,"column":0},"end":{"line":23,"column":0}},"23":{"start":{"line":24,"column":0},"end":{"line":24,"column":50}},"24":{"start":{"line":25,"column":0},"end":{"line":25,"column":21}},"25":{"start":{"line":26,"column":0},"end":{"line":26,"column":26}},"26":{"start":{"line":27,"column":0},"end":{"line":27,"column":5}},"27":{"start":{"line":28,"column":0},"end":{"line":28,"column":3}},"28":{"start":{"line":29,"column":0},"end":{"line":29,"column":1}}},"s":{"0":1,"1":1,"2":1,"3":1,"4":1,"5":1,"6":1,"7":1,"8":8,"9":8,"10":8,"11":8,"12":26,"13":26,"14":4,"15":4,"16":4,"17":8,"18":3,"19":3,"20":3,"21":8,"22":1,"23":1,"24":1,"25":1,"26":1,"27":8,"28":1},"branchMap":{"0":{"type":"branch","line":6,"loc":{"start":{"line":6,"column":2},"end":{"line":6,"column":65}},"locations":[{"start":{"line":6,"column":2},"end":{"line":6,"column":65}}]},"1":{"type":"branch","line":8,"loc":{"start":{"line":8,"column":2},"end":{"line":28,"column":3}},"locations":[{"start":{"line":8,"column":2},"end":{"line":28,"column":3}}]},"2":{"type":"branch","line":12,"loc":{"start":{"line":12,"column":42},"end":{"line":14,"column":7}},"locations":[{"start":{"line":12,"column":42},"end":{"line":14,"column":7}}]},"3":{"type":"branch","line":13,"loc":{"start":{"line":13,"column":38},"end":{"line":13,"column":85}},"locations":[{"start":{"line":13,"column":38},"end":{"line":13,"column":85}}]},"4":{"type":"branch","line":15,"loc":{"start":{"line":15,"column":-1},"end":{"line":18,"column":52}},"locations":[{"start":{"line":15,"column":-1},"end":{"line":18,"column":52}}]},"5":{"type":"branch","line":18,"loc":{"start":{"line":18,"column":45},"end":{"line":18,"column":109}},"locations":[{"start":{"line":18,"column":45},"end":{"line":18,"column":109}}]},"6":{"type":"branch","line":19,"loc":{"start":{"line":19,"column":-1},"end":{"line":22,"column":27}},"locations":[{"start":{"line":19,"column":-1},"end":{"line":22,"column":27}}]},"7":{"type":"branch","line":22,"loc":{"start":{"line":22,"column":20},"end":{"line":27,"column":5}},"locations":[{"start":{"line":22,"column":20},"end":{"line":27,"column":5}}]}},"b":{"0":[8],"1":[8],"2":[26],"3":[4],"4":[4],"5":[1],"6":[3],"7":[1]},"fnMap":{"0":{"name":"SignUpController","decl":{"start":{"line":6,"column":2},"end":{"line":6,"column":65}},"loc":{"start":{"line":6,"column":2},"end":{"line":6,"column":65}},"line":6},"1":{"name":"handle","decl":{"start":{"line":8,"column":2},"end":{"line":28,"column":3}},"loc":{"start":{"line":8,"column":2},"end":{"line":28,"column":3}},"line":8}},"f":{"0":8,"1":8}}
,"/home/thiagomf/courses/clean-ts-api/src/presentation/errors/index.ts": {"path":"/home/thiagomf/courses/clean-ts-api/src/presentation/errors/index.ts","all":false,"statementMap":{"0":{"start":{"line":1,"column":0},"end":{"line":1,"column":30}},"1":{"start":{"line":2,"column":0},"end":{"line":2,"column":37}},"2":{"start":{"line":3,"column":0},"end":{"line":3,"column":37}}},"s":{"0":1,"1":1,"2":1},"branchMap":{},"b":{},"fnMap":{},"f":{}}
,"/home/thiagomf/courses/clean-ts-api/src/presentation/protocols/index.ts": {"path":"/home/thiagomf/courses/clean-ts-api/src/presentation/protocols/index.ts","all":true,"statementMap":{"0":{"start":{"line":1,"column":0},"end":{"line":1,"column":31}},"1":{"start":{"line":2,"column":0},"end":{"line":2,"column":37}},"2":{"start":{"line":3,"column":0},"end":{"line":3,"column":42}}},"s":{"0":0,"1":0,"2":0},"branchMap":{"0":{"type":"branch","line":1,"loc":{"start":{"line":1,"column":0},"end":{"line":3,"column":42}},"locations":[{"start":{"line":1,"column":0},"end":{"line":3,"column":42}}]}},"b":{"0":[0]},"fnMap":{"0":{"name":"(empty-report)","decl":{"start":{"line":1,"column":0},"end":{"line":3,"column":42}},"loc":{"start":{"line":1,"column":0},"end":{"line":3,"column":42}},"line":1}},"f":{"0":0}}
}
